Classifier...: weka.classifiers.lazy.KStar -B 20 -M a
Relation: allengines-question-results
Instances: 158
Attributes: 6
            indrirank
            indriscore
            lucenerank
            lucenescore
            googlerank
            correct


KStar Beta Verion (0.1b).
Copyright (c) 1995-97 by Len Trigg (trigg@cs.waikato.ac.nz).
Java port to Weka by Abdelaziz Mahoui (am14@cs.waikato.ac.nz).

KStar options : -B 20 -M a  

Correctly Classified Instances         145               91.7722 %
Incorrectly Classified Instances        13                8.2278 %
Kappa statistic                          0.2752
Mean absolute error                      0.1022
Root mean squared error                  0.2697
Relative absolute error                 70.2283 %
Root relative squared error            101.6769 %
Total Number of Instances              158     

=== Detailed Accuracy By Class ===

               TP Rate   FP Rate   Precision   Recall  F-Measure   ROC Area  Class
                 0.25      0.027      0.429     0.25      0.316      0.616    yes
                 0.973     0.75       0.94      0.973     0.956      0.616    no
Weighted Avg.    0.918     0.695      0.902     0.918     0.908      0.616

=== Confusion Matrix ===

   a   b   <-- classified as
   3   9 |   a = yes
   4 142 |   b = no

