Classifier...: weka.classifiers.lazy.KStar -B 20 -M a
Relation: google-question-results
Instances: 400
Attributes: 2
            googlerank
            correct


KStar Beta Verion (0.1b).
Copyright (c) 1995-97 by Len Trigg (trigg@cs.waikato.ac.nz).
Java port to Weka by Abdelaziz Mahoui (am14@cs.waikato.ac.nz).

KStar options : -B 20 -M a  

Correctly Classified Instances         334               83.5    %
Incorrectly Classified Instances        66               16.5    %
Kappa statistic                          0     
Mean absolute error                      0.2749
Root mean squared error                  0.3722
Relative absolute error                 99.3152 %
Root relative squared error            100.2637 %
Total Number of Instances              400     

=== Detailed Accuracy By Class ===

               TP Rate   FP Rate   Precision   Recall  F-Measure   ROC Area  Class
                 0         0          0         0         0          0.502    yes
                 1         1          0.835     1         0.91       0.502    no
Weighted Avg.    0.835     0.835      0.697     0.835     0.76       0.502

=== Confusion Matrix ===

   a   b   <-- classified as
   0  66 |   a = yes
   0 334 |   b = no

