Classifier...: weka.classifiers.lazy.KStar -B 20 -M a
Relation: indri-question-results
Instances: 1120
Attributes: 3
            indrirank
            indriscore
            correct


KStar Beta Verion (0.1b).
Copyright (c) 1995-97 by Len Trigg (trigg@cs.waikato.ac.nz).
Java port to Weka by Abdelaziz Mahoui (am14@cs.waikato.ac.nz).

KStar options : -B 20 -M a  

Correctly Classified Instances        1023               91.3393 %
Incorrectly Classified Instances        97                8.6607 %
Kappa statistic                          0     
Mean absolute error                      0.1552
Root mean squared error                  0.282 
Relative absolute error                 97.6553 %
Root relative squared error            100.2627 %
Total Number of Instances             1120     

=== Detailed Accuracy By Class ===

               TP Rate   FP Rate   Precision   Recall  F-Measure   ROC Area  Class
                 0         0          0         0         0          0.584    yes
                 1         1          0.913     1         0.955      0.584    no
Weighted Avg.    0.913     0.913      0.834     0.913     0.872      0.584

=== Confusion Matrix ===

    a    b   <-- classified as
    0   97 |    a = yes
    0 1023 |    b = no

