Classifier...: weka.classifiers.lazy.KStar -B 20 -M a
Relation: lucene-question-results
Instances: 860
Attributes: 3
            lucenerank
            lucenescore
            correct


KStar Beta Verion (0.1b).
Copyright (c) 1995-97 by Len Trigg (trigg@cs.waikato.ac.nz).
Java port to Weka by Abdelaziz Mahoui (am14@cs.waikato.ac.nz).

KStar options : -B 20 -M a  

Correctly Classified Instances         793               92.2093 %
Incorrectly Classified Instances        67                7.7907 %
Kappa statistic                          0     
Mean absolute error                      0.1431
Root mean squared error                  0.2725
Relative absolute error                 98.9344 %
Root relative squared error            101.6645 %
Total Number of Instances              860     

=== Detailed Accuracy By Class ===

               TP Rate   FP Rate   Precision   Recall  F-Measure   ROC Area  Class
                 0         0          0         0         0          0.481    yes
                 1         1          0.922     1         0.959      0.481    no
Weighted Avg.    0.922     0.922      0.85      0.922     0.885      0.481

=== Confusion Matrix ===

   a   b   <-- classified as
   0  67 |   a = yes
   0 793 |   b = no

